<?xml version="1.0" encoding="UTF-8"?>
<robot generator="Robot 5.0 (Python 3.9.7 on win32)" generated="20220421 17:27:03.571" rpa="false" schemaversion="3">
<suite id="s1" name="Jobseeker" source="C:\Users\kapil\PycharmProjects\robot\test\jobseeker\jobseeker.robot">
<test id="s1-t1" name="Verifying Home page" line="9">
<kw name="Start Testcase">
<kw name="Open Browser" library="SeleniumLibrary">
<arg>${start_link}</arg>
<arg>${browser}</arg>
<doc>Opens a new browser instance to the optional ``url``.</doc>
<msg timestamp="20220421 17:27:03.764" level="INFO">Opening browser 'chrome' to base url 'http://127.0.0.1:5000/jobSeeker'.</msg>
<status status="PASS" starttime="20220421 17:27:03.764" endtime="20220421 17:27:05.376"/>
</kw>
<kw name="Maximize Browser Window" library="SeleniumLibrary">
<doc>Maximizes current browser window.</doc>
<status status="PASS" starttime="20220421 17:27:05.376" endtime="20220421 17:27:05.512"/>
</kw>
<status status="PASS" starttime="20220421 17:27:03.764" endtime="20220421 17:27:05.512"/>
</kw>
<kw name="Verify search result">
<kw name="Input Text" library="SeleniumLibrary">
<arg>//input[@placeholder='Name']</arg>
<arg>kapil</arg>
<doc>Types the given ``text`` into the text field identified by ``locator``.</doc>
<msg timestamp="20220421 17:27:05.516" level="INFO">Typing text 'kapil' into text field '//input[@placeholder='Name']'.</msg>
<status status="PASS" starttime="20220421 17:27:05.514" endtime="20220421 17:27:05.721"/>
</kw>
<kw name="Input Text" library="SeleniumLibrary">
<arg>//input[@placeholder='Contact Number']</arg>
<arg>9315533150</arg>
<doc>Types the given ``text`` into the text field identified by ``locator``.</doc>
<msg timestamp="20220421 17:27:05.721" level="INFO">Typing text '9315533150' into text field '//input[@placeholder='Contact Number']'.</msg>
<status status="PASS" starttime="20220421 17:27:05.721" endtime="20220421 17:27:05.856"/>
</kw>
<kw name="Input Text" library="SeleniumLibrary">
<arg>//input[@placeholder='Job Requirement']</arg>
<arg>Delivery boy</arg>
<doc>Types the given ``text`` into the text field identified by ``locator``.</doc>
<msg timestamp="20220421 17:27:05.857" level="INFO">Typing text 'Delivery boy' into text field '//input[@placeholder='Job Requirement']'.</msg>
<status status="PASS" starttime="20220421 17:27:05.856" endtime="20220421 17:27:05.955"/>
</kw>
<kw name="Press Keys" library="SeleniumLibrary">
<arg>//button[@class='btn btn-success mt-5']</arg>
<arg>[Return]</arg>
<doc>Simulates the user pressing key(s) to an element or on the active browser.</doc>
<msg timestamp="20220421 17:27:05.956" level="INFO">Sending key(s) ('[Return]',) to //button[@class='btn btn-success mt-5'] element.</msg>
<msg timestamp="20220421 17:27:07.169" level="INFO">Sending keys [Return]</msg>
<status status="PASS" starttime="20220421 17:27:05.956" endtime="20220421 17:27:07.190"/>
</kw>
<status status="PASS" starttime="20220421 17:27:05.513" endtime="20220421 17:27:07.190"/>
</kw>
<doc>verify Jobseeker functionality</doc>
<status status="PASS" starttime="20220421 17:27:03.763" endtime="20220421 17:27:07.190"/>
</test>
<status status="PASS" starttime="20220421 17:27:03.572" endtime="20220421 17:27:07.192"/>
</suite>
<statistics>
<total>
<stat pass="1" fail="0" skip="0">All Tests</stat>
</total>
<tag>
</tag>
<suite>
<stat pass="1" fail="0" skip="0" id="s1" name="Jobseeker">Jobseeker</stat>
</suite>
</statistics>
<errors>
</errors>
</robot>
